<?xml version="1.0" encoding="UTF-8"?>
<!-- Generated by org.testng.reporters.JUnitReportReporter -->
<testsuite hostname="seths-mbp.domain" name="com.webdriver.LoadAsk" tests="1" failures="0" timestamp="16 Mar 2016 01:02:30 GMT" time="2.005" errors="0">
  <testcase name="navigateTo" time="2.005" classname="com.webdriver.LoadAsk"/>
</testsuite> <!-- com.webdriver.LoadAsk -->
