<?xml version="1.0" encoding="UTF-8"?>
<!-- Generated by org.testng.reporters.JUnitReportReporter -->
<testsuite hostname="seths-mbp.domain" name="com.webdriver.LoadYahoo" tests="1" failures="0" timestamp="20 Mar 2016 19:21:17 GMT" time="3.909" errors="0">
  <testcase name="navigateTo" time="3.909" classname="com.webdriver.LoadYahoo"/>
</testsuite> <!-- com.webdriver.LoadYahoo -->
