<?xml version="1.0" encoding="UTF-8"?>
<!-- Generated by org.testng.reporters.JUnitReportReporter -->
<testsuite hostname="seths-mbp.domain" name="com.webdriver.LoadSeleniumHQ" tests="1" failures="0" timestamp="20 Mar 2016 19:27:40 GMT" time="2.018" errors="0">
  <testcase name="navigateTo" time="2.018" classname="com.webdriver.LoadSeleniumHQ"/>
</testsuite> <!-- com.webdriver.LoadSeleniumHQ -->
