<?xml version="1.0" encoding="UTF-8"?>
<!-- Generated by org.testng.reporters.JUnitReportReporter -->
<testsuite hostname="seths-mbp.domain" name="com.webdriver.LoadYahoo" tests="1" failures="0" timestamp="16 Mar 2016 01:02:30 GMT" time="4.325" errors="0">
  <testcase name="navigateTo" time="4.325" classname="com.webdriver.LoadYahoo"/>
</testsuite> <!-- com.webdriver.LoadYahoo -->
