<?xml version="1.0" encoding="UTF-8"?>
<!-- Generated by org.testng.reporters.JUnitReportReporter -->
<testsuite hostname="seths-mbp.domain" name="com.webdriver.LoadYahoo" tests="1" failures="0" timestamp="15 Mar 2016 02:11:31 GMT" time="3.742" errors="0">
  <testcase name="navigateTo" time="3.742" classname="com.webdriver.LoadYahoo"/>
</testsuite> <!-- com.webdriver.LoadYahoo -->
