<?xml version="1.0" encoding="UTF-8"?>
<!-- Generated by org.testng.reporters.JUnitReportReporter -->
<testsuite hostname="seths-mbp.domain" name="com.webdriver.LoadGoogle" tests="1" failures="0" timestamp="16 Mar 2016 02:59:59 GMT" time="2.116" errors="0">
  <testcase name="navigateTo" time="2.116" classname="com.webdriver.LoadGoogle"/>
</testsuite> <!-- com.webdriver.LoadGoogle -->
